\BOOKMARK [1][-]{section.1}{\376\377\000Z\000a\000d\000a\000n\000i\000e\000\040\0001\000\040\040\023\000\040\000U\000t\000w\000o\000r\000z\000e\000n\000i\000e\000\040\000A\000P\000I\000\040\000w\000\040\000A\000z\000u\000r\000e\000\040\000F\000u\000n\000c\000t\000i\000o\000n\000s\000\040\000\050\000H\000T\000T\000P\000\040\000T\000r\000i\000g\000g\000e\000r\000\051}{}% 1
\BOOKMARK [2][-]{subsection.1.1}{\376\377\000C\000e\000l}{section.1}% 2
\BOOKMARK [2][-]{subsection.1.2}{\376\377\000T\000w\000o\000r\000z\000e\000n\000i\000e\000\040\000p\000r\000o\000j\000e\000k\000t\000u}{section.1}% 3
\BOOKMARK [2][-]{subsection.1.3}{\376\377\000D\000o\000d\000a\000n\000i\000e\000\040\000H\000T\000T\000P\000\040\000T\000r\000i\000g\000g\000e\000r}{section.1}% 4
\BOOKMARK [2][-]{subsection.1.4}{\376\377\000I\000m\000p\000l\000e\000m\000e\000n\000t\000a\000c\000j\000a\000\040\000f\000u\000n\000k\000c\000j\000i}{section.1}% 5
\BOOKMARK [2][-]{subsection.1.5}{\376\377\000U\000r\000u\000c\000h\000o\000m\000i\000e\000n\000i\000e\000\040\000i\000\040\000t\000e\000s\000t\000o\000w\000a\000n\000i\000e}{section.1}% 6
\BOOKMARK [1][-]{section.2}{\376\377\000Z\000a\000d\000a\000n\000i\000e\000\040\0002\000\040\040\023\000\040\000S\000y\000s\000t\000e\000m\000\040\000p\000r\000z\000e\000s\000y\001\102\000a\000n\000i\000a\000\040\000p\000l\000i\000k\000\363\000w\000\040\000d\000o\000\040\000A\000z\000u\000r\000e\000\040\000S\000t\000o\000r\000a\000g\000e}{}% 7
\BOOKMARK [2][-]{subsection.2.1}{\376\377\000C\000e\000l}{section.2}% 8
\BOOKMARK [2][-]{subsection.2.2}{\376\377\000T\000w\000o\000r\000z\000e\000n\000i\000e\000\040\000p\000r\000o\000j\000e\000k\000t\000u}{section.2}% 9
\BOOKMARK [2][-]{subsection.2.3}{\376\377\000D\000o\000d\000a\000n\000i\000e\000\040\000H\000T\000T\000P\000\040\000T\000r\000i\000g\000g\000e\000r\000\040\000d\000o\000\040\000p\000r\000z\000e\000s\000y\001\102\000a\000n\000i\000a\000\040\000p\000l\000i\000k\000\363\000w}{section.2}% 10
\BOOKMARK [2][-]{subsection.2.4}{\376\377\000I\000m\000p\000l\000e\000m\000e\000n\000t\000a\000c\000j\000a\000\040\000f\000u\000n\000k\000c\000j\000i\000\040\000u\000p\000l\000o\000a\000d\000\137\000f\000i\000l\000e}{section.2}% 11
\BOOKMARK [2][-]{subsection.2.5}{\376\377\000K\000o\000n\000f\000i\000g\000u\000r\000a\000c\000j\000a\000\040\040\023\000\040\000l\000o\000c\000a\000l\000.\000s\000e\000t\000t\000i\000n\000g\000s\000.\000j\000s\000o\000n}{section.2}% 12
\BOOKMARK [2][-]{subsection.2.6}{\376\377\000W\000y\000m\000a\000g\000a\000n\000e\000\040\000p\000a\000k\000i\000e\000t\000y\000\040\040\023\000\040\000r\000e\000q\000u\000i\000r\000e\000m\000e\000n\000t\000s\000.\000t\000x\000t}{section.2}% 13
\BOOKMARK [2][-]{subsection.2.7}{\376\377\000U\000r\000u\000c\000h\000o\000m\000i\000e\000n\000i\000e\000\040\000i\000\040\000t\000e\000s\000t\000o\000w\000a\000n\000i\000e}{section.2}% 14
\BOOKMARK [2][-]{subsection.2.8}{\376\377\000T\000e\000s\000t\000o\000w\000a\000n\000i\000e\000\040\000w\000\040\000P\000o\000s\000t\000m\000a\000n\000i\000e}{section.2}% 15
\BOOKMARK [3][-]{subsubsection.2.8.1}{\376\377\000R\000e\000q\000u\000e\000s\000t\000\040\000P\000O\000S\000T\000\040\040\023\000\040\000U\000p\000l\000o\000a\000d\000\040\000p\000l\000i\000k\000u}{subsection.2.8}% 16
\BOOKMARK [1][-]{section.3}{\376\377\000Z\000a\000d\000a\000n\000i\000e\000\040\0003\000\040\040\023\000\040\000H\000a\000r\000m\000o\000n\000o\000g\000r\000a\000m\000o\000w\000a\000n\000e\000\040\000z\000a\000d\000a\000n\000i\000a\000\040\000\050\000T\000i\000m\000e\000r\000\040\000T\000r\000i\000g\000g\000e\000r\000\051}{}% 17
\BOOKMARK [2][-]{subsection.3.1}{\376\377\000C\000e\000l}{section.3}% 18
\BOOKMARK [2][-]{subsection.3.2}{\376\377\000I\000m\000p\000l\000e\000m\000e\000n\000t\000a\000c\000j\000a\000\040\000T\000i\000m\000e\000r\000\040\000T\000r\000i\000g\000g\000e\000r}{section.3}% 19
\BOOKMARK [2][-]{subsection.3.3}{\376\377\000E\000n\000d\000p\000o\000i\000n\000t\000\040\000d\000o\000\040\000p\000r\000z\000e\000g\000l\001\005\000d\000u\000\040\000l\000o\000g\000\363\000w\000\040\000T\000i\000m\000e\000r\000\040\000T\000r\000i\000g\000g\000e\000r}{section.3}% 20
\BOOKMARK [2][-]{subsection.3.4}{\376\377\000U\000r\000u\000c\000h\000o\000m\000i\000e\000n\000i\000e\000\040\000i\000\040\000t\000e\000s\000t\000o\000w\000a\000n\000i\000e}{section.3}% 21
\BOOKMARK [3][-]{subsubsection.3.4.1}{\376\377\000T\000e\000s\000t\000o\000w\000a\000n\000i\000e\000\040\040\023\000\040\000z\000a\000r\000a\000z\000\040\000p\000o\000\040\000s\000t\000a\000r\000c\000i\000e}{subsection.3.4}% 22
\BOOKMARK [3][-]{subsubsection.3.4.2}{\376\377\000T\000e\000s\000t\000o\000w\000a\000n\000i\000e\000\040\040\023\000\040\000p\000o\000\040\0006\0000\000\040\000s\000e\000k\000u\000n\000d\000a\000c\000h}{subsection.3.4}% 23
\BOOKMARK [1][-]{section.4}{\376\377\000Z\000a\000d\000a\000n\000i\000e\000\040\0004\000\040\040\023\000\040\000P\000r\000a\000c\000a\000\040\000z\000\040\000d\000a\000n\000y\000m\000i\000\040\000\050\000Z\000a\000p\000i\000s\000\040\000i\000\040\000o\000d\000c\000z\000y\000t\000\040\000w\000\040\000b\000a\000z\000i\000e\000\040\000d\000a\000n\000y\000c\000h\000\051}{}% 24
\BOOKMARK [2][-]{subsection.4.1}{\376\377\000C\000e\000l}{section.4}% 25
\BOOKMARK [2][-]{subsection.4.2}{\376\377\000K\000o\000n\000f\000i\000g\000u\000r\000a\000c\000j\000a\000\040\000b\000a\000z\000y\000\040\000d\000a\000n\000y\000c\000h}{section.4}% 26
\BOOKMARK [3][-]{subsubsection.4.2.1}{\376\377\000I\000n\000i\000c\000j\000a\000l\000i\000z\000a\000c\000j\000a\000\040\000S\000Q\000L\000i\000t\000e}{subsection.4.2}% 27
\BOOKMARK [2][-]{subsection.4.3}{\376\377\000E\000n\000d\000p\000o\000i\000n\000t\000\040\000S\000a\000v\000e\000P\000r\000o\000d\000u\000c\000t\000\040\040\023\000\040\000Z\000a\000p\000i\000s\000\040\000p\000r\000o\000d\000u\000k\000t\000u}{section.4}% 28
\BOOKMARK [3][-]{subsubsection.4.3.1}{\376\377\000I\000m\000p\000l\000e\000m\000e\000n\000t\000a\000c\000j\000a}{subsection.4.3}% 29
\BOOKMARK [2][-]{subsection.4.4}{\376\377\000E\000n\000d\000p\000o\000i\000n\000t\000\040\000G\000e\000t\000P\000r\000o\000d\000u\000c\000t\000s\000\040\040\023\000\040\000P\000o\000b\000i\000e\000r\000a\000n\000i\000e\000\040\000w\000s\000z\000y\000s\000t\000k\000i\000c\000h\000\040\000p\000r\000o\000d\000u\000k\000t\000\363\000w}{section.4}% 30
\BOOKMARK [2][-]{subsection.4.5}{\376\377\000E\000n\000d\000p\000o\000i\000n\000t\000\040\000G\000e\000t\000P\000r\000o\000d\000u\000c\000t\000\040\040\023\000\040\000P\000o\000b\000i\000e\000r\000a\000n\000i\000e\000\040\000p\000r\000o\000d\000u\000k\000t\000u\000\040\000p\000o\000\040\000I\000D}{section.4}% 31
\BOOKMARK [2][-]{subsection.4.6}{\376\377\000E\000n\000d\000p\000o\000i\000n\000t\000\040\000U\000p\000d\000a\000t\000e\000P\000r\000o\000d\000u\000c\000t\000\040\040\023\000\040\000A\000k\000t\000u\000a\000l\000i\000z\000a\000c\000j\000a\000\040\000p\000r\000o\000d\000u\000k\000t\000u}{section.4}% 32
\BOOKMARK [2][-]{subsection.4.7}{\376\377\000E\000n\000d\000p\000o\000i\000n\000t\000\040\000D\000e\000l\000e\000t\000e\000P\000r\000o\000d\000u\000c\000t\000\040\040\023\000\040\000U\000s\000u\000w\000a\000n\000i\000e\000\040\000p\000r\000o\000d\000u\000k\000t\000u}{section.4}% 33
\BOOKMARK [2][-]{subsection.4.8}{\376\377\000S\000c\000h\000e\000m\000a\000t\000\040\000b\000a\000z\000y\000\040\000d\000a\000n\000y\000c\000h}{section.4}% 34
\BOOKMARK [2][-]{subsection.4.9}{\376\377\000T\000e\000s\000t\000y\000\040\040\023\000\040\000P\000r\000z\000y\000k\001\102\000a\000d\000o\000w\000e\000\040\000o\000p\000e\000r\000a\000c\000j\000e}{section.4}% 35
\BOOKMARK [3][-]{subsubsection.4.9.1}{\376\377\000T\000e\000s\000t\000\040\0001\000:\000\040\000Z\000a\000p\000i\000s\000\040\000p\000r\000o\000d\000u\000k\000t\000u}{subsection.4.9}% 36
\BOOKMARK [3][-]{subsubsection.4.9.2}{\376\377\000T\000e\000s\000t\000\040\0002\000:\000\040\000P\000o\000b\000i\000e\000r\000z\000\040\000w\000s\000z\000y\000s\000t\000k\000i\000e\000\040\000p\000r\000o\000d\000u\000k\000t\000y}{subsection.4.9}% 37
\BOOKMARK [3][-]{subsubsection.4.9.3}{\376\377\000T\000e\000s\000t\000\040\0003\000:\000\040\000P\000o\000b\000i\000e\000r\000z\000\040\000k\000o\000n\000k\000r\000e\000t\000n\000y\000\040\000p\000r\000o\000d\000u\000k\000t}{subsection.4.9}% 38
\BOOKMARK [1][-]{section.5}{\376\377\000Z\000a\000d\000a\000n\000i\000e\000\040\0005\000\040\040\023\000\040\000K\000e\000y\000\040\000V\000a\000u\000l\000t\000\040\040\023\000\040\000b\000e\000z\000p\000i\000e\000c\000z\000n\000e\000\040\000s\000e\000k\000r\000e\000t\000y}{}% 39
\BOOKMARK [2][-]{subsection.5.1}{\376\377\000C\000e\000l}{section.5}% 40
\BOOKMARK [2][-]{subsection.5.2}{\376\377\000P\000r\000o\000b\000l\000e\000m\000\040\000z\000\040\000d\000o\000d\000a\000n\000i\000e\000m\000\040\000s\000e\000k\000r\000e\000t\000u\000\040\040\023\000\040\000b\001\102\001\005\000d\000\040\000R\000B\000A\000C}{section.5}% 41
\BOOKMARK [2][-]{subsection.5.3}{\376\377\000P\000o\000d\000j\001\031\000t\000e\000\040\000p\000r\000\363\000b\000y\000\040\000r\000o\000z\000w\000i\001\005\000z\000a\000n\000i\000a}{section.5}% 42
\BOOKMARK [2][-]{subsection.5.4}{\376\377\000R\000e\000z\000u\000l\000t\000a\000t}{section.5}% 43
\BOOKMARK [2][-]{subsection.5.5}{\376\377\000Z\000r\000z\000u\000t\000\040\000e\000k\000r\000a\000n\000u\000\040\000b\001\102\001\031\000d\000u}{section.5}% 44
