\BOOKMARK [1][-]{section.1}{\376\377\000W\000p\000r\000o\000w\000a\000d\000z\000e\000n\000i\000e\000\040\000d\000o\000\040\000H\000o\000s\000t\000i\000n\000g\000u}{}% 1
\BOOKMARK [2][-]{subsection.1.1}{\376\377\000T\000y\000p\000y\000\040\000H\000o\000s\000t\000i\000n\000g\000u}{section.1}% 2
\BOOKMARK [2][-]{subsection.1.2}{\376\377\000K\000l\000u\000c\000z\000o\000w\000e\000\040\000P\000o\000j\001\031\000c\000i\000a}{section.1}% 3
\BOOKMARK [1][-]{section.2}{\376\377\000H\000o\000s\000t\000i\000n\000g\000\040\000n\000a\000\040\000W\001\102\000a\000s\000n\000y\000m\000\040\000S\000e\000r\000w\000e\000r\000z\000e}{}% 4
\BOOKMARK [2][-]{subsection.2.1}{\376\377\000K\000e\000s\000t\000r\000e\000l\000\040\000\050\000A\000S\000P\000.\000N\000E\000T\000\040\000C\000o\000r\000e\000\051}{section.2}% 5
\BOOKMARK [2][-]{subsection.2.2}{\376\377\000I\000I\000S\000\040\000\050\000I\000n\000t\000e\000r\000n\000e\000t\000\040\000I\000n\000f\000o\000r\000m\000a\000t\000i\000o\000n\000\040\000S\000e\000r\000v\000i\000c\000e\000s\000\051}{section.2}% 6
\BOOKMARK [2][-]{subsection.2.3}{\376\377\000U\000t\000r\000z\000y\000m\000a\000n\000i\000e\000\040\000i\000\040\000M\000o\000n\000i\000t\000o\000r\000i\000n\000g}{section.2}% 7
\BOOKMARK [1][-]{section.3}{\376\377\000M\000a\000s\000z\000y\000n\000y\000\040\000W\000i\000r\000t\000u\000a\000l\000n\000e\000\040\000i\000\040\000P\000r\000o\000x\000m\000o\000x\000\040\000V\000E}{}% 8
\BOOKMARK [2][-]{subsection.3.1}{\376\377\000P\000r\000o\000x\000m\000o\000x\000\040\000V\000E}{section.3}% 9
\BOOKMARK [2][-]{subsection.3.2}{\376\377\000T\000w\000o\000r\000z\000e\000n\000i\000e\000\040\000V\000M}{section.3}% 10
\BOOKMARK [2][-]{subsection.3.3}{\376\377\000N\000e\000t\000w\000o\000r\000k\000i\000n\000g\000\040\000w\000\040\000P\000r\000o\000x\000m\000o\000x}{section.3}% 11
\BOOKMARK [2][-]{subsection.3.4}{\376\377\000S\000n\000a\000p\000s\000h\000o\000t\000s\000\040\000i\000\040\000B\000a\000c\000k\000u\000p\000s}{section.3}% 12
\BOOKMARK [1][-]{section.4}{\376\377\000C\000l\000o\000u\000d\000f\000l\000a\000r\000e\000\040\000T\000u\000n\000n\000e\000l}{}% 13
\BOOKMARK [2][-]{subsection.4.1}{\376\377\000P\000r\000o\000b\000l\000e\000m\000\040\000i\000\040\000R\000o\000z\000w\000i\001\005\000z\000a\000n\000i\000e}{section.4}% 14
\BOOKMARK [2][-]{subsection.4.2}{\376\377\000J\000a\000k\000\040\000D\000z\000i\000a\001\102\000a\000\040\000C\000l\000o\000u\000d\000f\000l\000a\000r\000e\000\040\000T\000u\000n\000n\000e\000l}{section.4}% 15
\BOOKMARK [2][-]{subsection.4.3}{\376\377\000K\000o\000n\000f\000i\000g\000u\000r\000a\000c\000j\000a}{section.4}% 16
\BOOKMARK [2][-]{subsection.4.4}{\376\377\000Z\000a\000l\000e\000t\000y\000\040\000C\000l\000o\000u\000d\000f\000l\000a\000r\000e\000\040\000T\000u\000n\000n\000e\000l}{section.4}% 17
\BOOKMARK [1][-]{section.5}{\376\377\000V\000P\000S\000\040\000H\000o\000s\000t\000i\000n\000g}{}% 18
\BOOKMARK [2][-]{subsection.5.1}{\376\377\000C\000z\000y\000m\000\040\000j\000e\000s\000t\000\040\000V\000P\000S}{section.5}% 19
\BOOKMARK [2][-]{subsection.5.2}{\376\377\000D\000a\000r\000m\000o\000w\000e\000\040\000O\000p\000c\000j\000e\000\040\000V\000P\000S}{section.5}% 20
\BOOKMARK [2][-]{subsection.5.3}{\376\377\000K\000o\000n\000f\000i\000g\000u\000r\000a\000c\000j\000a\000\040\000V\000P\000S}{section.5}% 21
\BOOKMARK [2][-]{subsection.5.4}{\376\377\000D\000e\000p\000l\000o\000y\000\040\000A\000p\000l\000i\000k\000a\000c\000j\000i}{section.5}% 22
\BOOKMARK [2][-]{subsection.5.5}{\376\377\000N\000g\000i\000n\000x\000\040\000j\000a\000k\000o\000\040\000R\000e\000v\000e\000r\000s\000e\000\040\000P\000r\000o\000x\000y}{section.5}% 23
\BOOKMARK [1][-]{section.6}{\376\377\000A\000z\000u\000r\000e\000\040\000A\000p\000p\000\040\000S\000e\000r\000v\000i\000c\000e}{}% 24
\BOOKMARK [2][-]{subsection.6.1}{\376\377\000P\000o\000d\000s\000t\000a\000w\000y}{section.6}% 25
\BOOKMARK [2][-]{subsection.6.2}{\376\377\000P\000r\000i\000c\000i\000n\000g\000\040\000T\000i\000e\000r\000s}{section.6}% 26
\BOOKMARK [2][-]{subsection.6.3}{\376\377\000D\000e\000p\000l\000o\000y\000m\000e\000n\000t}{section.6}% 27
\BOOKMARK [2][-]{subsection.6.4}{\376\377\000C\000o\000n\000f\000i\000g\000u\000r\000a\000t\000i\000o\000n}{section.6}% 28
\BOOKMARK [2][-]{subsection.6.5}{\376\377\000M\000o\000n\000i\000t\000o\000r\000i\000n\000g}{section.6}% 29
\BOOKMARK [1][-]{section.7}{\376\377\000D\000o\000m\000e\000n\000y\000\040\000i\000\040\000D\000N\000S}{}% 30
\BOOKMARK [2][-]{subsection.7.1}{\376\377\000K\000o\000n\000f\000i\000g\000u\000r\000a\000c\000j\000a\000\040\000D\000N\000S}{section.7}% 31
\BOOKMARK [2][-]{subsection.7.2}{\376\377\000D\000a\000r\000m\000o\000w\000e\000\040\000D\000o\000m\000e\000n\000y}{section.7}% 32
\BOOKMARK [2][-]{subsection.7.3}{\376\377\000S\000S\000L\000\040\000C\000e\000r\000t\000i\000f\000i\000c\000a\000t\000e\000s}{section.7}% 33
\BOOKMARK [1][-]{section.8}{\376\377\000G\000i\000t\000H\000u\000b\000\040\000P\000a\000g\000e\000s}{}% 34
\BOOKMARK [2][-]{subsection.8.1}{\376\377\000P\000o\000d\000s\000t\000a\000w\000y}{section.8}% 35
\BOOKMARK [2][-]{subsection.8.2}{\376\377\000S\000e\000t\000u\000p}{section.8}% 36
\BOOKMARK [2][-]{subsection.8.3}{\376\377\000G\000i\000t\000H\000u\000b\000\040\000A\000c\000t\000i\000o\000n\000s\000\040\000D\000e\000p\000l\000o\000y\000m\000e\000n\000t}{section.8}% 37
\BOOKMARK [2][-]{subsection.8.4}{\376\377\000A\000l\000t\000e\000r\000n\000a\000t\000y\000w\000y}{section.8}% 38
\BOOKMARK [1][-]{section.9}{\376\377\000P\000y\000t\000a\000n\000i\000a\000\040\000k\000o\000n\000t\000r\000o\000l\000n\000e}{}% 39
