\BOOKMARK [1][-]{section.1}{\376\377\000T\000e\000o\000r\000i\000a}{}% 1
\BOOKMARK [2][-]{subsection.1.1}{\376\377\000D\000l\000a\000c\000z\000e\000g\000o\000\040\000B\000l\000a\000z\000o\000r\000\040\000\050\000.\000N\000E\000T\000\040\0008\000\040\000"\000B\000l\000a\000z\000o\000r\000\040\000W\000e\000b\000\040\000A\000p\000p\000"\000\051\000?\000\040}{section.1}% 2
\BOOKMARK [3][-]{subsubsection.1.1.1}{\376\377\000Z\000a\000l\000e\000t\000y\000\040\000p\000o\000d\000e\000j\001\133\000c\000i\000a}{subsection.1.1}% 3
\BOOKMARK [2][-]{subsection.1.2}{\376\377\000T\000r\000y\000b\000y\000\040\000r\000e\000n\000d\000e\000r\000o\000w\000a\000n\000i\000a\000\040\000\050\000@\000r\000e\000n\000d\000e\000r\000m\000o\000d\000e\000\051}{section.1}% 4
\BOOKMARK [3][-]{subsubsection.1.2.1}{\376\377\0001\000.\000\040\000S\000t\000a\000t\000i\000c\000\040\000S\000S\000R\000\040\000\050\000b\000r\000a\000k\000\040\000i\000n\000t\000e\000r\000a\000k\000t\000y\000w\000n\000o\001\133\000c\000i\000\051}{subsection.1.2}% 5
\BOOKMARK [3][-]{subsubsection.1.2.2}{\376\377\0002\000.\000\040\000I\000n\000t\000e\000r\000a\000c\000t\000i\000v\000e\000\040\000S\000e\000r\000v\000e\000r}{subsection.1.2}% 6
\BOOKMARK [3][-]{subsubsection.1.2.3}{\376\377\0003\000.\000\040\000I\000n\000t\000e\000r\000a\000c\000t\000i\000v\000e\000\040\000W\000e\000b\000A\000s\000s\000e\000m\000b\000l\000y}{subsection.1.2}% 7
\BOOKMARK [3][-]{subsubsection.1.2.4}{\376\377\0004\000.\000\040\000I\000n\000t\000e\000r\000a\000c\000t\000i\000v\000e\000\040\000A\000u\000t\000o}{subsection.1.2}% 8
\BOOKMARK [3][-]{subsubsection.1.2.5}{\376\377\000W\000y\000b\000\363\000r\000\040\000t\000r\000y\000b\000u\000\040\000r\000e\000n\000d\000e\000r\000o\000w\000a\000n\000i\000a}{subsection.1.2}% 9
\BOOKMARK [2][-]{subsection.1.3}{\376\377\000K\000o\000s\000z\000t\000\040\000i\000\040\000t\000r\000a\000d\000e\000-\000o\000f\000f\000y}{section.1}% 10
\BOOKMARK [2][-]{subsection.1.4}{\376\377\000S\000t\000r\000e\000a\000m\000\040\000R\000e\000n\000d\000e\000r\000i\000n\000g\000\040\000\046\000\040\000E\000n\000h\000a\000n\000c\000e\000d\000\040\000N\000a\000v\000i\000g\000a\000t\000i\000o\000n}{section.1}% 11
\BOOKMARK [3][-]{subsubsection.1.4.1}{\376\377\000S\000t\000r\000e\000a\000m\000\040\000R\000e\000n\000d\000e\000r\000i\000n\000g}{subsection.1.4}% 12
\BOOKMARK [3][-]{subsubsection.1.4.2}{\376\377\000E\000n\000h\000a\000n\000c\000e\000d\000\040\000N\000a\000v\000i\000g\000a\000t\000i\000o\000n}{subsection.1.4}% 13
\BOOKMARK [2][-]{subsection.1.5}{\376\377\000S\000t\000r\000u\000k\000t\000u\000r\000a\000\040\000p\000r\000o\000j\000e\000k\000t\000u\000\040\000`\000`\000B\000l\000a\000z\000o\000r\000\040\000W\000e\000b\000\040\000A\000p\000p\000'\000'}{section.1}% 14
\BOOKMARK [2][-]{subsection.1.6}{\376\377\000F\000o\000r\000m\000u\000l\000a\000r\000z\000e\000\040\000w\000\040\000B\000l\000a\000z\000o\000r}{section.1}% 15
\BOOKMARK [3][-]{subsubsection.1.6.1}{\376\377\000E\000d\000i\000t\000F\000o\000r\000m}{subsection.1.6}% 16
\BOOKMARK [3][-]{subsubsection.1.6.2}{\376\377\000M\000o\000d\000e\000l\000\040\000z\000\040\000w\000a\000l\000i\000d\000a\000c\000j\001\005}{subsection.1.6}% 17
\BOOKMARK [1][-]{section.2}{\376\377\000M\000a\000t\000e\000r\000i\000a\001\102\000y}{}% 18
\BOOKMARK [2][-]{subsection.2.1}{\376\377\000F\000i\000l\000m\000y\000\040\000i\000n\000s\000t\000r\000u\000k\000t\000a\001\174\000o\000w\000e}{section.2}% 19
\BOOKMARK [2][-]{subsection.2.2}{\376\377\000D\000o\000k\000u\000m\000e\000n\000t\000a\000c\000j\000a\000\040\000M\000i\000c\000r\000o\000s\000o\000f\000t}{section.2}% 20
\BOOKMARK [2][-]{subsection.2.3}{\376\377\000R\000e\000p\000o\000z\000y\000t\000o\000r\000i\000a\000\040\000p\000r\000z\000y\000k\001\102\000a\000d\000o\000w\000e}{section.2}% 21
\BOOKMARK [2][-]{subsection.2.4}{\376\377\000D\000o\000d\000a\000t\000k\000o\000w\000e\000\040\000z\000a\000s\000o\000b\000y}{section.2}% 22
\BOOKMARK [1][-]{section.3}{\376\377\000C\000h\000e\000a\000t\000\040\000S\000h\000e\000e\000t\000\040\000-\000\040\001\132\000c\000i\001\005\000g\000a\000\040\000n\000a\000\040\000k\000o\000l\000o\000k\000w\000i\000u\000m}{}% 23
\BOOKMARK [2][-]{subsection.3.1}{\376\377\000T\000r\000y\000b\000y\000\040\000r\000e\000n\000d\000e\000r\000o\000w\000a\000n\000i\000a\000\040\000-\000\040\000s\000k\001\102\000a\000d\000n\000i\000a}{section.3}% 24
\BOOKMARK [2][-]{subsection.3.2}{\376\377\000S\000t\000r\000e\000a\000m\000\040\000R\000e\000n\000d\000e\000r\000i\000n\000g}{section.3}% 25
\BOOKMARK [2][-]{subsection.3.3}{\376\377\000F\000o\000r\000m\000u\000l\000a\000r\000z\000e}{section.3}% 26
\BOOKMARK [2][-]{subsection.3.4}{\376\377\000W\000a\000l\000i\000d\000a\000c\000j\000a\000\040\000m\000o\000d\000e\000l\000u}{section.3}% 27
\BOOKMARK [2][-]{subsection.3.5}{\376\377\000E\000n\000t\000i\000t\000y\000\040\000F\000r\000a\000m\000e\000w\000o\000r\000k}{section.3}% 28
\BOOKMARK [2][-]{subsection.3.6}{\376\377\000D\000e\000p\000e\000n\000d\000e\000n\000c\000y\000\040\000I\000n\000j\000e\000c\000t\000i\000o\000n}{section.3}% 29
\BOOKMARK [2][-]{subsection.3.7}{\376\377\000H\000T\000T\000P\000\040\000w\000\040\000W\000e\000b\000A\000s\000s\000e\000m\000b\000l\000y}{section.3}% 30
\BOOKMARK [2][-]{subsection.3.8}{\376\377\000N\000a\000w\000i\000g\000a\000c\000j\000a}{section.3}% 31
\BOOKMARK [2][-]{subsection.3.9}{\376\377\000P\000a\000r\000a\000m\000e\000t\000r\000y\000\040\000k\000o\000m\000p\000o\000n\000e\000n\000t\000u}{section.3}% 32
\BOOKMARK [2][-]{subsection.3.10}{\376\377\000L\000i\000f\000e\000c\000y\000c\000l\000e\000\040\000h\000o\000o\000k\000s}{section.3}% 33
\BOOKMARK [2][-]{subsection.3.11}{\376\377\000B\000i\000n\000d\000i\000n\000g}{section.3}% 34
\BOOKMARK [2][-]{subsection.3.12}{\376\377\000C\000o\000n\000d\000i\000t\000i\000o\000n\000a\000l\000\040\000r\000e\000n\000d\000e\000r\000i\000n\000g}{section.3}% 35
\BOOKMARK [2][-]{subsection.3.13}{\376\377\000L\000o\000o\000p\000s}{section.3}% 36
\BOOKMARK [2][-]{subsection.3.14}{\376\377\000E\000v\000e\000n\000t\000\040\000h\000a\000n\000d\000l\000i\000n\000g}{section.3}% 37
\BOOKMARK [2][-]{subsection.3.15}{\376\377\000K\000i\000e\000d\000y\000\040\000k\000t\000\363\000r\000e\000g\000o\000\040\000t\000r\000y\000b\000u\000\040\000u\001\174\000y\001\007\000\040\000-\000\040\000t\000a\000b\000e\000l\000a\000\040\000d\000e\000c\000y\000z\000y\000j\000n\000a}{section.3}% 38
\BOOKMARK [2][-]{subsection.3.16}{\376\377\000N\000a\000j\000c\000z\001\031\000s\000t\000s\000z\000e\000\040\000b\001\102\001\031\000d\000y}{section.3}% 39
\BOOKMARK [2][-]{subsection.3.17}{\376\377\000P\000o\000l\000e\000c\000e\000n\000i\000a\000\040\000C\000L\000I}{section.3}% 40
